c:\users\a.gerbeaud\code\resourcemanager\engine\x64\debug\vc142.pdb
c:\users\a.gerbeaud\code\resourcemanager\engine\x64\debug\vc142.idb
c:\users\a.gerbeaud\code\resourcemanager\engine\x64\debug\scene.obj
c:\users\a.gerbeaud\code\resourcemanager\engine\x64\debug\mesh.obj
c:\users\a.gerbeaud\code\resourcemanager\engine\x64\debug\shader.obj
c:\users\a.gerbeaud\code\resourcemanager\engine\x64\debug\resourcesmanager.obj
c:\users\a.gerbeaud\code\resourcemanager\engine\x64\debug\interface.obj
c:\users\a.gerbeaud\code\resourcemanager\engine\x64\debug\debug.obj
c:\users\a.gerbeaud\code\resourcemanager\engine\x64\debug\glad.obj
c:\users\a.gerbeaud\code\resourcemanager\engine\x64\debug\player.obj
c:\users\a.gerbeaud\code\resourcemanager\engine\x64\debug\particles.obj
c:\users\a.gerbeaud\code\resourcemanager\engine\x64\debug\gunsmoke.obj
c:\users\a.gerbeaud\code\resourcemanager\engine\x64\debug\explosion.obj
c:\users\a.gerbeaud\code\resourcemanager\engine\x64\debug\enemy.obj
c:\users\a.gerbeaud\code\resourcemanager\engine\x64\debug\main.obj
c:\users\a.gerbeaud\code\resourcemanager\engine\x64\debug\maths.obj
c:\users\a.gerbeaud\code\resourcemanager\engine\x64\debug\camera.obj
c:\users\a.gerbeaud\code\resourcemanager\engine\x64\debug\app.obj
c:\users\a.gerbeaud\code\resourcemanager\engine\x64\debug\weapon.obj
c:\users\a.gerbeaud\code\resourcemanager\engine\x64\debug\platform.obj
c:\users\a.gerbeaud\code\resourcemanager\engine\x64\debug\entity.obj
c:\users\a.gerbeaud\code\resourcemanager\engine\x64\debug\texture.obj
c:\users\a.gerbeaud\code\resourcemanager\engine\x64\debug\engine.exe
c:\users\a.gerbeaud\code\resourcemanager\engine\x64\debug\engine.ilk
c:\users\a.gerbeaud\code\resourcemanager\engine\x64\debug\engine.pdb
c:\users\a.gerbeaud\code\resourcemanager\engine\x64\debug\scene.obj.enc
c:\users\a.gerbeaud\code\resourcemanager\engine\x64\debug\engine.tlog\cl.command.1.tlog
c:\users\a.gerbeaud\code\resourcemanager\engine\x64\debug\engine.tlog\cl.read.1.tlog
c:\users\a.gerbeaud\code\resourcemanager\engine\x64\debug\engine.tlog\cl.write.1.tlog
c:\users\a.gerbeaud\code\resourcemanager\engine\x64\debug\engine.tlog\link.command.1.tlog
c:\users\a.gerbeaud\code\resourcemanager\engine\x64\debug\engine.tlog\link.read.1.tlog
c:\users\a.gerbeaud\code\resourcemanager\engine\x64\debug\engine.tlog\link.write.1.tlog
